2023-07-23 21:21:23,378 - root - INFO - Start log
2023-07-23 21:21:23,378 - root - INFO - 当前使用右手
2023-07-23 21:21:23,378 - root - INFO - 初始化...
2023-07-23 21:21:28,484 - root - INFO - 回到零位
2023-07-23 21:21:31,517 - root - INFO - 调整电机...
2023-07-23 21:21:31,823 - root - INFO - 启动完成
2023-07-23 21:21:32,431 - root - INFO - ==============================
2023-07-23 21:21:32,431 - root - INFO - open
2023-07-23 21:24:26,353 - root - INFO - Start log
2023-07-23 21:24:26,354 - root - INFO - 当前使用右手
2023-07-23 21:24:26,354 - root - INFO - 初始化...
2023-07-23 21:24:31,467 - root - INFO - 回到零位
2023-07-23 21:24:34,502 - root - INFO - 调整电机...
2023-07-23 21:24:34,809 - root - INFO - 启动完成
2023-07-23 21:24:35,424 - root - INFO - ==============================
2023-07-23 21:24:35,424 - root - INFO - open
2023-07-23 21:24:48,807 - root - INFO - Start log
2023-07-23 21:24:48,807 - root - INFO - 当前使用右手
2023-07-23 21:24:48,807 - root - INFO - 初始化...
2023-07-23 21:24:53,913 - root - INFO - 回到零位
2023-07-23 21:24:56,946 - root - INFO - 调整电机...
2023-07-23 21:24:57,253 - root - INFO - 启动完成
2023-07-23 21:24:57,863 - root - INFO - ==============================
2023-07-23 21:24:57,863 - root - INFO - open
2023-07-23 21:25:09,438 - root - INFO - ==============================
2023-07-23 21:25:09,438 - root - INFO - tilt
2023-07-23 21:25:09,956 - root - INFO - ==============================
2023-07-23 21:25:09,956 - root - INFO - tilt_reverse
2023-07-23 21:25:13,019 - root - INFO - ==============================
2023-07-23 21:25:13,019 - root - INFO - open
2023-07-23 21:25:13,527 - root - INFO - ==============================
2023-07-23 21:25:13,527 - root - INFO - diverge
2023-07-23 21:25:22,214 - root - INFO - ==============================
2023-07-23 21:25:22,214 - root - INFO - one
2023-07-23 21:25:23,721 - root - INFO - ==============================
2023-07-23 21:25:23,722 - root - INFO - two
2023-07-23 21:25:25,228 - root - INFO - ==============================
2023-07-23 21:25:25,228 - root - INFO - three
2023-07-23 22:57:36,471 - root - INFO - Start log
2023-07-23 22:57:36,471 - root - INFO - 当前使用右手
2023-07-23 22:57:36,471 - root - INFO - 初始化...
2023-07-23 22:57:41,581 - root - INFO - 回到零位
2023-07-23 22:57:44,614 - root - INFO - 调整电机...
2023-07-23 22:57:44,920 - root - INFO - 启动完成
2023-07-23 22:57:45,533 - root - INFO - ==============================
2023-07-23 22:57:45,534 - root - INFO - open
2023-07-23 22:57:57,064 - root - INFO - ==============================
2023-07-23 22:57:57,064 - root - INFO - tilt
2023-07-23 22:57:57,570 - root - INFO - ==============================
2023-07-23 22:57:57,571 - root - INFO - tilt_reverse
2023-07-23 22:59:06,830 - root - INFO - Start log
2023-07-23 22:59:06,830 - root - INFO - 当前使用右手
2023-07-23 22:59:06,830 - root - INFO - 初始化...
2023-07-23 22:59:11,942 - root - INFO - 回到零位
2023-07-23 22:59:14,979 - root - INFO - 调整电机...
2023-07-23 22:59:15,284 - root - INFO - 启动完成
2023-07-23 22:59:15,904 - root - INFO - ==============================
2023-07-23 22:59:15,904 - root - INFO - open
2023-07-23 22:59:27,448 - root - INFO - ==============================
2023-07-23 22:59:27,449 - root - INFO - tilt
2023-07-23 22:59:27,957 - root - INFO - ==============================
2023-07-23 22:59:27,957 - root - INFO - tilt_reverse
2023-07-23 22:59:30,999 - root - INFO - ==============================
2023-07-23 22:59:30,999 - root - INFO - open
2023-07-23 22:59:31,508 - root - INFO - ==============================
2023-07-23 22:59:31,508 - root - INFO - diverge
2023-07-23 22:59:40,227 - root - INFO - ==============================
2023-07-23 22:59:40,227 - root - INFO - one
2023-07-23 22:59:41,735 - root - INFO - ==============================
2023-07-23 22:59:41,736 - root - INFO - two
2023-07-23 22:59:43,241 - root - INFO - ==============================
2023-07-23 22:59:43,241 - root - INFO - three
2023-07-23 22:59:44,749 - root - INFO - ==============================
2023-07-23 22:59:44,749 - root - INFO - four
2023-07-23 22:59:46,257 - root - INFO - ==============================
2023-07-23 22:59:46,257 - root - INFO - five
2023-07-23 22:59:47,765 - root - INFO - ==============================
2023-07-23 22:59:47,766 - root - INFO - six
2023-07-23 22:59:49,380 - root - INFO - ==============================
2023-07-23 22:59:49,380 - root - INFO - seven
2023-07-23 22:59:50,887 - root - INFO - ==============================
2023-07-23 22:59:50,887 - root - INFO - eight
2023-07-23 22:59:52,393 - root - INFO - ==============================
2023-07-23 22:59:52,393 - root - INFO - nine
2023-07-23 22:59:54,401 - root - INFO - ==============================
2023-07-23 22:59:54,402 - root - INFO - open
2023-07-23 22:59:56,413 - root - INFO - ==============================
2023-07-23 22:59:56,413 - root - INFO - pinch1
2023-07-23 22:59:58,420 - root - INFO - ==============================
2023-07-23 22:59:58,421 - root - INFO - pinch2
2023-07-23 23:00:00,434 - root - INFO - ==============================
2023-07-23 23:00:00,434 - root - INFO - pinch3
2023-07-23 23:00:01,939 - root - INFO - ==============================
2023-07-23 23:00:01,939 - root - INFO - ok
2023-07-23 23:00:04,449 - root - INFO - ==============================
2023-07-23 23:00:04,449 - root - INFO - open
2023-07-23 23:00:04,660 - root - INFO - 关闭...
2023-07-23 23:03:57,269 - root - INFO - Start log
2023-07-23 23:03:57,270 - root - INFO - 当前使用右手
2023-07-23 23:03:57,270 - root - INFO - 初始化...
2023-07-23 23:04:02,375 - root - INFO - 回到零位
2023-07-23 23:04:05,410 - root - INFO - 调整电机...
2023-07-23 23:04:05,717 - root - INFO - 启动完成
2023-07-23 23:04:06,327 - root - INFO - ==============================
2023-07-23 23:04:06,327 - root - INFO - open
2023-07-23 23:04:17,856 - root - INFO - ==============================
2023-07-23 23:04:17,856 - root - INFO - tilt
2023-07-23 23:04:18,364 - root - INFO - ==============================
2023-07-23 23:04:18,365 - root - INFO - tilt_reverse
2023-07-23 23:04:21,407 - root - INFO - ==============================
2023-07-23 23:04:21,407 - root - INFO - open
2023-07-23 23:04:21,915 - root - INFO - ==============================
2023-07-23 23:04:21,915 - root - INFO - diverge
2023-07-23 23:04:30,623 - root - INFO - ==============================
2023-07-23 23:04:30,623 - root - INFO - one
2023-07-23 23:04:32,132 - root - INFO - ==============================
2023-07-23 23:04:32,133 - root - INFO - two
2023-07-23 23:04:33,643 - root - INFO - ==============================
2023-07-23 23:04:33,644 - root - INFO - three
2023-07-23 23:04:35,154 - root - INFO - ==============================
2023-07-23 23:04:35,154 - root - INFO - four
2023-07-23 23:04:36,663 - root - INFO - ==============================
2023-07-23 23:04:36,663 - root - INFO - five
2023-07-23 23:04:38,171 - root - INFO - ==============================
2023-07-23 23:04:38,171 - root - INFO - six
2023-07-23 23:04:39,785 - root - INFO - ==============================
2023-07-23 23:04:39,785 - root - INFO - seven
2023-07-23 23:04:41,300 - root - INFO - ==============================
2023-07-23 23:04:41,300 - root - INFO - eight
2023-07-23 23:04:42,810 - root - INFO - ==============================
2023-07-23 23:04:42,810 - root - INFO - nine
2023-07-23 23:04:44,816 - root - INFO - ==============================
2023-07-23 23:04:44,816 - root - INFO - open
2023-07-23 23:04:46,832 - root - INFO - ==============================
2023-07-23 23:04:46,832 - root - INFO - pinch1
2023-07-23 23:04:48,843 - root - INFO - ==============================
2023-07-23 23:04:48,843 - root - INFO - pinch2
2023-07-23 23:04:50,850 - root - INFO - ==============================
2023-07-23 23:04:50,850 - root - INFO - pinch3
2023-07-23 23:04:52,360 - root - INFO - ==============================
2023-07-23 23:04:52,361 - root - INFO - ok
2023-07-23 23:04:54,869 - root - INFO - ==============================
2023-07-23 23:04:54,869 - root - INFO - open
2023-07-23 23:04:55,081 - root - INFO - 关闭...
2023-07-23 23:05:19,096 - root - INFO - Start log
2023-07-23 23:05:19,096 - root - INFO - 当前使用右手
2023-07-23 23:05:19,096 - root - INFO - 初始化...
2023-07-23 23:05:24,202 - root - INFO - 回到零位
2023-07-23 23:05:27,235 - root - INFO - 调整电机...
2023-07-23 23:05:27,542 - root - INFO - 启动完成
2023-07-23 23:05:28,157 - root - INFO - ==============================
2023-07-23 23:05:28,157 - root - INFO - open
2023-07-23 23:05:39,692 - root - INFO - ==============================
2023-07-23 23:05:39,693 - root - INFO - tilt
2023-07-23 23:05:40,201 - root - INFO - ==============================
2023-07-23 23:05:40,201 - root - INFO - tilt_reverse
2023-07-23 23:06:13,980 - root - INFO - Start log
2023-07-23 23:06:13,980 - root - INFO - 当前使用右手
2023-07-23 23:06:13,980 - root - INFO - 初始化...
2023-07-23 23:06:19,094 - root - INFO - 回到零位
2023-07-23 23:06:22,148 - root - INFO - 调整电机...
2023-07-23 23:06:22,456 - root - INFO - 启动完成
2023-07-23 23:06:23,080 - root - INFO - ==============================
2023-07-23 23:06:23,081 - root - INFO - open
2023-07-23 23:06:34,636 - root - INFO - ==============================
2023-07-23 23:06:34,637 - root - INFO - tilt
2023-07-23 23:06:35,146 - root - INFO - ==============================
2023-07-23 23:06:35,146 - root - INFO - tilt_reverse
2023-07-23 23:06:38,189 - root - INFO - ==============================
2023-07-23 23:06:38,189 - root - INFO - open
2023-07-23 23:06:38,697 - root - INFO - ==============================
2023-07-23 23:06:38,697 - root - INFO - diverge
2023-07-23 23:06:47,431 - root - INFO - ==============================
2023-07-23 23:06:47,431 - root - INFO - one
2023-07-23 23:06:48,940 - root - INFO - ==============================
2023-07-23 23:06:48,940 - root - INFO - two
2023-07-23 23:06:50,447 - root - INFO - ==============================
2023-07-23 23:06:50,447 - root - INFO - three
2023-07-23 23:10:11,145 - root - INFO - Start log
2023-07-23 23:10:11,145 - root - INFO - 当前使用右手
2023-07-23 23:10:11,145 - root - INFO - 初始化...
2023-07-23 23:10:16,255 - root - INFO - 回到零位
2023-07-23 23:10:19,302 - root - INFO - 调整电机...
2023-07-23 23:10:19,608 - root - INFO - 启动完成
2023-07-23 23:10:20,217 - root - INFO - ==============================
2023-07-23 23:10:20,217 - root - INFO - open
2023-07-24 00:28:55,479 - root - INFO - Start log
2023-07-24 00:28:55,479 - root - INFO - 当前使用右手
2023-07-24 00:28:55,479 - root - INFO - 初始化...
2023-07-24 00:29:00,591 - root - INFO - 回到零位
2023-07-24 00:29:03,625 - root - INFO - 调整电机...
2023-07-24 00:29:03,930 - root - INFO - 启动完成
2023-07-24 00:29:04,546 - root - INFO - ==============================
2023-07-24 00:29:04,546 - root - INFO - open
2023-07-24 00:29:16,074 - root - INFO - ==============================
2023-07-24 00:29:16,075 - root - INFO - tilt
2023-07-24 00:29:16,580 - root - INFO - ==============================
2023-07-24 00:29:16,580 - root - INFO - tilt_reverse
2023-07-24 00:29:19,619 - root - INFO - ==============================
2023-07-24 00:29:19,620 - root - INFO - open
2023-07-24 00:29:20,125 - root - INFO - ==============================
2023-07-24 00:29:20,126 - root - INFO - diverge
2023-07-24 00:29:28,828 - root - INFO - ==============================
2023-07-24 00:29:28,829 - root - INFO - one
2023-07-24 00:29:30,339 - root - INFO - ==============================
2023-07-24 00:29:30,339 - root - INFO - two
2023-07-24 00:29:31,845 - root - INFO - ==============================
2023-07-24 00:29:31,845 - root - INFO - three
2023-07-24 00:29:33,352 - root - INFO - ==============================
2023-07-24 00:29:33,352 - root - INFO - four
2023-07-24 00:29:34,864 - root - INFO - ==============================
2023-07-24 00:29:34,864 - root - INFO - five
2023-07-24 00:29:36,371 - root - INFO - ==============================
2023-07-24 00:29:36,371 - root - INFO - six
2023-07-24 00:29:37,986 - root - INFO - ==============================
2023-07-24 00:29:37,986 - root - INFO - seven
2023-07-24 00:29:39,494 - root - INFO - ==============================
2023-07-24 00:29:39,495 - root - INFO - eight
2023-07-24 00:29:41,004 - root - INFO - ==============================
2023-07-24 00:29:41,004 - root - INFO - nine
2023-07-24 00:29:43,011 - root - INFO - ==============================
2023-07-24 00:29:43,011 - root - INFO - open
2023-07-24 00:29:45,016 - root - INFO - ==============================
2023-07-24 00:29:45,017 - root - INFO - pinch1
2023-07-24 00:29:47,024 - root - INFO - ==============================
2023-07-24 00:29:47,024 - root - INFO - pinch2
2023-07-24 00:29:49,033 - root - INFO - ==============================
2023-07-24 00:29:49,033 - root - INFO - pinch3
2023-07-24 00:29:50,541 - root - INFO - ==============================
2023-07-24 00:29:50,541 - root - INFO - ok
2023-07-24 00:29:53,050 - root - INFO - ==============================
2023-07-24 00:29:53,051 - root - INFO - open
2023-07-24 00:29:53,263 - root - INFO - 关闭...
2023-07-24 00:30:33,835 - root - INFO - Start log
2023-07-24 00:30:33,835 - root - INFO - 当前使用右手
2023-07-24 00:30:33,835 - root - INFO - 初始化...
2023-07-24 00:30:38,945 - root - INFO - 回到零位
2023-07-24 00:30:41,981 - root - INFO - 调整电机...
2023-07-24 00:30:42,286 - root - INFO - 启动完成
2023-07-24 00:30:42,903 - root - INFO - ==============================
2023-07-24 00:30:42,903 - root - INFO - open
2023-07-24 00:30:54,431 - root - INFO - ==============================
2023-07-24 00:30:54,431 - root - INFO - tilt
2023-07-24 00:30:54,940 - root - INFO - ==============================
2023-07-24 00:30:54,940 - root - INFO - tilt_reverse
2023-07-24 00:30:57,987 - root - INFO - ==============================
2023-07-24 00:30:57,987 - root - INFO - open
2023-07-24 00:30:58,495 - root - INFO - ==============================
2023-07-24 00:30:58,496 - root - INFO - diverge
2023-07-24 00:31:07,202 - root - INFO - ==============================
2023-07-24 00:31:07,203 - root - INFO - one
2023-07-24 00:31:08,710 - root - INFO - ==============================
2023-07-24 00:31:08,711 - root - INFO - two
2023-07-24 00:31:10,222 - root - INFO - ==============================
2023-07-24 00:31:10,223 - root - INFO - three
2023-07-24 00:31:11,729 - root - INFO - ==============================
2023-07-24 00:31:11,729 - root - INFO - four
2023-07-24 00:31:13,237 - root - INFO - ==============================
2023-07-24 00:31:13,237 - root - INFO - five
2023-07-24 00:31:14,746 - root - INFO - ==============================
2023-07-24 00:31:14,746 - root - INFO - six
2023-07-24 00:31:16,362 - root - INFO - ==============================
2023-07-24 00:31:16,362 - root - INFO - seven
2023-07-24 00:31:17,868 - root - INFO - ==============================
2023-07-24 00:31:17,868 - root - INFO - eight
2023-07-24 00:31:19,377 - root - INFO - ==============================
2023-07-24 00:31:19,377 - root - INFO - nine
2023-07-24 00:31:21,386 - root - INFO - ==============================
2023-07-24 00:31:21,386 - root - INFO - open
2023-07-24 00:31:23,396 - root - INFO - ==============================
2023-07-24 00:31:23,396 - root - INFO - pinch1
2023-07-24 00:31:25,407 - root - INFO - ==============================
2023-07-24 00:31:25,408 - root - INFO - pinch2
2023-07-24 00:31:27,416 - root - INFO - ==============================
2023-07-24 00:31:27,416 - root - INFO - pinch3
2023-07-24 00:31:28,921 - root - INFO - ==============================
2023-07-24 00:31:28,921 - root - INFO - ok
2023-07-24 00:31:31,431 - root - INFO - ==============================
2023-07-24 00:31:31,432 - root - INFO - open
2023-07-24 00:31:31,644 - root - INFO - 关闭...
2023-07-24 00:32:41,762 - root - INFO - Start log
2023-07-24 00:32:41,762 - root - INFO - 当前使用右手
2023-07-24 00:32:41,762 - root - INFO - 初始化...
2023-07-24 00:32:46,867 - root - INFO - 回到零位
2023-07-24 00:32:49,905 - root - INFO - 调整电机...
2023-07-24 00:32:50,211 - root - INFO - 启动完成
2023-07-24 00:32:50,827 - root - INFO - ==============================
2023-07-24 00:32:50,827 - root - INFO - open
2023-07-24 00:33:02,359 - root - INFO - ==============================
2023-07-24 00:33:02,359 - root - INFO - tilt
2023-07-24 00:33:02,868 - root - INFO - ==============================
2023-07-24 00:33:02,868 - root - INFO - tilt_reverse
2023-07-24 00:33:05,911 - root - INFO - ==============================
2023-07-24 00:33:05,911 - root - INFO - open
2023-07-24 00:33:06,421 - root - INFO - ==============================
2023-07-24 00:33:06,421 - root - INFO - diverge
2023-07-24 00:33:15,113 - root - INFO - ==============================
2023-07-24 00:33:15,114 - root - INFO - one
2023-07-24 00:33:16,620 - root - INFO - ==============================
2023-07-24 00:33:16,620 - root - INFO - two
2023-07-24 00:33:18,128 - root - INFO - ==============================
2023-07-24 00:33:18,128 - root - INFO - three
2023-07-24 00:33:19,636 - root - INFO - ==============================
2023-07-24 00:33:19,637 - root - INFO - four
2023-07-24 00:33:21,144 - root - INFO - ==============================
2023-07-24 00:33:21,144 - root - INFO - five
2023-07-24 00:33:22,652 - root - INFO - ==============================
2023-07-24 00:33:22,652 - root - INFO - six
2023-07-24 00:33:24,967 - root - INFO - ==============================
2023-07-24 00:33:24,967 - root - INFO - seven
2023-07-24 00:33:26,474 - root - INFO - ==============================
2023-07-24 00:33:26,474 - root - INFO - eight
2023-07-24 00:33:27,985 - root - INFO - ==============================
2023-07-24 00:33:27,985 - root - INFO - nine
2023-07-24 00:33:29,992 - root - INFO - ==============================
2023-07-24 00:33:29,993 - root - INFO - open
2023-07-24 00:33:31,999 - root - INFO - ==============================
2023-07-24 00:33:31,999 - root - INFO - pinch1
2023-07-24 00:33:34,008 - root - INFO - ==============================
2023-07-24 00:33:34,008 - root - INFO - pinch2
2023-07-24 00:33:36,017 - root - INFO - ==============================
2023-07-24 00:33:36,017 - root - INFO - pinch3
2023-07-24 00:33:37,527 - root - INFO - ==============================
2023-07-24 00:33:37,527 - root - INFO - ok
2023-07-24 00:33:40,033 - root - INFO - ==============================
2023-07-24 00:33:40,033 - root - INFO - open
2023-07-24 00:33:40,244 - root - INFO - 关闭...
2023-07-24 00:33:54,679 - root - INFO - Start log
2023-07-24 00:33:54,680 - root - INFO - 当前使用右手
2023-07-24 00:33:54,680 - root - INFO - 初始化...
2023-07-24 00:33:59,788 - root - INFO - 回到零位
2023-07-24 00:34:02,826 - root - INFO - 调整电机...
2023-07-24 00:34:03,132 - root - INFO - 启动完成
2023-07-24 00:34:03,749 - root - INFO - ==============================
2023-07-24 00:34:03,749 - root - INFO - open
2023-07-24 00:34:15,278 - root - INFO - ==============================
2023-07-24 00:34:15,279 - root - INFO - tilt
2023-07-24 00:34:15,785 - root - INFO - ==============================
2023-07-24 00:34:15,785 - root - INFO - tilt_reverse
2023-07-24 00:34:18,818 - root - INFO - ==============================
2023-07-24 00:34:18,819 - root - INFO - open
2023-07-24 00:34:19,326 - root - INFO - ==============================
2023-07-24 00:34:19,326 - root - INFO - diverge
2023-07-24 00:34:28,019 - root - INFO - ==============================
2023-07-24 00:34:28,019 - root - INFO - one
2023-07-24 00:34:29,525 - root - INFO - ==============================
2023-07-24 00:34:29,525 - root - INFO - two
2023-07-24 00:34:31,033 - root - INFO - ==============================
2023-07-24 00:34:31,033 - root - INFO - three
2023-07-24 00:34:32,541 - root - INFO - ==============================
2023-07-24 00:34:32,541 - root - INFO - four
2023-07-24 00:34:34,047 - root - INFO - ==============================
2023-07-24 00:34:34,048 - root - INFO - five
2023-07-24 00:34:35,557 - root - INFO - ==============================
2023-07-24 00:34:35,557 - root - INFO - six
2023-07-24 00:34:37,570 - root - INFO - ==============================
2023-07-24 00:34:37,571 - root - INFO - seven
2023-07-24 00:34:39,084 - root - INFO - ==============================
2023-07-24 00:34:39,084 - root - INFO - eight
2023-07-24 00:34:40,592 - root - INFO - ==============================
2023-07-24 00:34:40,592 - root - INFO - nine
2023-07-24 00:34:42,601 - root - INFO - ==============================
2023-07-24 00:34:42,601 - root - INFO - open
2023-07-24 00:34:44,633 - root - INFO - ==============================
2023-07-24 00:34:44,633 - root - INFO - pinch1
2023-07-24 00:34:46,643 - root - INFO - ==============================
2023-07-24 00:34:46,643 - root - INFO - pinch2
2023-07-24 00:34:48,653 - root - INFO - ==============================
2023-07-24 00:34:48,653 - root - INFO - pinch3
2023-07-24 00:34:50,162 - root - INFO - ==============================
2023-07-24 00:34:50,162 - root - INFO - ok
2023-07-24 00:34:52,673 - root - INFO - ==============================
2023-07-24 00:34:52,673 - root - INFO - open
2023-07-24 00:34:52,885 - root - INFO - 关闭...
2023-07-24 00:35:29,209 - root - INFO - Start log
2023-07-24 00:35:29,209 - root - INFO - 当前使用右手
2023-07-24 00:35:29,209 - root - INFO - 初始化...
2023-07-24 00:35:34,323 - root - INFO - 回到零位
2023-07-24 00:35:37,357 - root - INFO - 调整电机...
2023-07-24 00:35:37,662 - root - INFO - 启动完成
2023-07-24 00:35:38,280 - root - INFO - ==============================
2023-07-24 00:35:38,281 - root - INFO - open
2023-07-24 00:35:49,828 - root - INFO - ==============================
2023-07-24 00:35:49,829 - root - INFO - tilt
2023-07-24 00:35:50,335 - root - INFO - ==============================
2023-07-24 00:35:50,335 - root - INFO - tilt_reverse
2023-07-24 00:35:53,379 - root - INFO - ==============================
2023-07-24 00:35:53,380 - root - INFO - open
2023-07-24 00:35:53,885 - root - INFO - ==============================
2023-07-24 00:35:53,885 - root - INFO - diverge
2023-07-24 00:36:02,603 - root - INFO - ==============================
2023-07-24 00:36:02,603 - root - INFO - one
2023-07-24 00:36:04,111 - root - INFO - ==============================
2023-07-24 00:36:04,111 - root - INFO - two
2023-07-24 00:36:05,619 - root - INFO - ==============================
2023-07-24 00:36:05,619 - root - INFO - three
2023-07-24 00:36:07,127 - root - INFO - ==============================
2023-07-24 00:36:07,127 - root - INFO - four
2023-07-24 00:36:08,633 - root - INFO - ==============================
2023-07-24 00:36:08,633 - root - INFO - five
2023-07-24 00:36:10,142 - root - INFO - ==============================
2023-07-24 00:36:10,142 - root - INFO - six
2023-07-24 00:36:12,458 - root - INFO - ==============================
2023-07-24 00:36:12,459 - root - INFO - seven
2023-07-24 00:36:13,991 - root - INFO - ==============================
2023-07-24 00:36:13,991 - root - INFO - eight
2023-07-24 00:36:15,498 - root - INFO - ==============================
2023-07-24 00:36:15,498 - root - INFO - nine
2023-07-24 00:36:17,507 - root - INFO - ==============================
2023-07-24 00:36:17,507 - root - INFO - open
2023-07-24 00:36:19,517 - root - INFO - ==============================
2023-07-24 00:36:19,517 - root - INFO - pinch1
2023-07-24 00:36:21,525 - root - INFO - ==============================
2023-07-24 00:36:21,525 - root - INFO - pinch2
2023-07-24 00:36:23,531 - root - INFO - ==============================
2023-07-24 00:36:23,532 - root - INFO - pinch3
2023-07-24 00:36:25,041 - root - INFO - ==============================
2023-07-24 00:36:25,041 - root - INFO - ok
2023-07-24 00:36:27,550 - root - INFO - ==============================
2023-07-24 00:36:27,550 - root - INFO - open
2023-07-24 00:36:27,762 - root - INFO - 关闭...
2023-07-24 00:37:26,031 - root - INFO - Start log
2023-07-24 00:37:26,032 - root - INFO - 当前使用右手
2023-07-24 00:37:26,032 - root - INFO - 初始化...
2023-07-24 00:37:31,143 - root - INFO - 回到零位
2023-07-24 00:37:34,179 - root - INFO - 调整电机...
2023-07-24 00:37:34,486 - root - INFO - 启动完成
2023-07-24 00:37:35,095 - root - INFO - ==============================
2023-07-24 00:37:35,095 - root - INFO - open
2023-07-24 00:37:46,640 - root - INFO - ==============================
2023-07-24 00:37:46,640 - root - INFO - tilt
2023-07-24 00:37:47,148 - root - INFO - ==============================
2023-07-24 00:37:47,149 - root - INFO - tilt_reverse
2023-07-24 00:37:50,190 - root - INFO - ==============================
2023-07-24 00:37:50,190 - root - INFO - open
2023-07-24 00:37:50,697 - root - INFO - ==============================
2023-07-24 00:37:50,697 - root - INFO - diverge
2023-07-24 00:37:59,401 - root - INFO - ==============================
2023-07-24 00:37:59,401 - root - INFO - one
2023-07-24 00:38:00,911 - root - INFO - ==============================
2023-07-24 00:38:00,911 - root - INFO - two
2023-07-24 00:38:02,418 - root - INFO - ==============================
2023-07-24 00:38:02,418 - root - INFO - three
2023-07-24 00:38:03,927 - root - INFO - ==============================
2023-07-24 00:38:03,927 - root - INFO - four
2023-07-24 00:38:05,433 - root - INFO - ==============================
2023-07-24 00:38:05,433 - root - INFO - five
2023-07-24 00:38:06,942 - root - INFO - ==============================
2023-07-24 00:38:06,942 - root - INFO - six
2023-07-24 00:38:09,259 - root - INFO - ==============================
2023-07-24 00:38:09,259 - root - INFO - seven
2023-07-24 00:38:10,766 - root - INFO - ==============================
2023-07-24 00:38:10,766 - root - INFO - eight
2023-07-24 00:38:12,274 - root - INFO - ==============================
2023-07-24 00:38:12,274 - root - INFO - nine
2023-07-24 00:38:14,281 - root - INFO - ==============================
2023-07-24 00:38:14,281 - root - INFO - open
2023-07-24 00:38:16,288 - root - INFO - ==============================
2023-07-24 00:38:16,289 - root - INFO - pinch1
2023-07-24 00:38:18,296 - root - INFO - ==============================
2023-07-24 00:38:18,296 - root - INFO - pinch2
2023-07-24 00:38:20,303 - root - INFO - ==============================
2023-07-24 00:38:20,303 - root - INFO - pinch3
2023-07-24 00:38:21,813 - root - INFO - ==============================
2023-07-24 00:38:21,813 - root - INFO - ok
2023-07-24 00:38:24,321 - root - INFO - ==============================
2023-07-24 00:38:24,321 - root - INFO - open
2023-07-24 00:38:24,533 - root - INFO - 关闭...
2023-07-24 00:46:18,500 - root - INFO - Start log
2023-07-24 00:46:18,500 - root - INFO - 当前使用右手
2023-07-24 00:46:18,501 - root - INFO - 初始化...
2023-07-24 00:46:32,942 - root - INFO - Start log
2023-07-24 00:46:32,943 - root - INFO - 当前使用右手
2023-07-24 00:46:32,943 - root - INFO - 初始化...
2023-07-24 00:46:38,048 - root - INFO - 回到零位
2023-07-24 00:46:41,086 - root - INFO - 调整电机...
2023-07-24 00:46:41,392 - root - INFO - 启动完成
2023-07-24 00:46:42,007 - root - INFO - ==============================
2023-07-24 00:46:42,007 - root - INFO - open
2023-07-24 00:51:19,114 - root - INFO - Start log
2023-07-24 00:51:19,114 - root - INFO - 当前使用右手
2023-07-24 00:51:19,114 - root - INFO - 初始化...
2023-07-24 00:51:24,220 - root - INFO - 回到零位
2023-07-24 00:51:27,253 - root - INFO - 调整电机...
2023-07-24 00:51:27,559 - root - INFO - 启动完成
2023-07-24 00:51:28,179 - root - INFO - ==============================
2023-07-24 00:51:28,179 - root - INFO - open
2023-07-24 00:51:39,718 - root - INFO - ==============================
2023-07-24 00:51:39,718 - root - INFO - tilt
2023-07-24 00:51:40,225 - root - INFO - ==============================
2023-07-24 00:51:40,225 - root - INFO - tilt_reverse
2023-07-24 00:51:43,264 - root - INFO - ==============================
2023-07-24 00:51:43,265 - root - INFO - open
2023-07-24 00:51:43,772 - root - INFO - ==============================
2023-07-24 00:51:43,772 - root - INFO - diverge
2023-07-24 00:51:52,498 - root - INFO - ==============================
2023-07-24 00:51:52,498 - root - INFO - one
2023-07-24 00:51:54,006 - root - INFO - ==============================
2023-07-24 00:51:54,006 - root - INFO - two
2023-07-24 00:51:55,513 - root - INFO - ==============================
2023-07-24 00:51:55,514 - root - INFO - three
2023-07-24 00:51:57,019 - root - INFO - ==============================
2023-07-24 00:51:57,019 - root - INFO - four
2023-07-24 00:51:58,525 - root - INFO - ==============================
2023-07-24 00:51:58,525 - root - INFO - five
2023-07-24 00:52:00,030 - root - INFO - ==============================
2023-07-24 00:52:00,030 - root - INFO - six
2023-07-24 00:52:02,346 - root - INFO - ==============================
2023-07-24 00:52:02,347 - root - INFO - seven
2023-07-24 00:52:03,854 - root - INFO - ==============================
2023-07-24 00:52:03,854 - root - INFO - eight
2023-07-24 00:52:05,364 - root - INFO - ==============================
2023-07-24 00:52:05,364 - root - INFO - nine
2023-07-24 00:52:07,372 - root - INFO - ==============================
2023-07-24 00:52:07,372 - root - INFO - open
2023-07-24 00:52:09,381 - root - INFO - ==============================
2023-07-24 00:52:09,382 - root - INFO - pinch1
2023-07-24 00:52:11,392 - root - INFO - ==============================
2023-07-24 00:52:11,392 - root - INFO - pinch2
2023-07-24 00:52:13,401 - root - INFO - ==============================
2023-07-24 00:52:13,402 - root - INFO - pinch3
2023-07-24 00:52:14,908 - root - INFO - ==============================
2023-07-24 00:52:14,909 - root - INFO - ok
2023-07-24 00:52:17,420 - root - INFO - ==============================
2023-07-24 00:52:17,420 - root - INFO - open
2023-07-24 00:52:17,632 - root - INFO - 关闭...
2023-07-24 01:24:45,955 - root - INFO - Start log
2023-07-24 01:24:45,955 - root - INFO - 当前使用右手
2023-07-24 01:24:45,955 - root - INFO - 初始化...
2023-07-24 01:24:51,066 - root - INFO - 回到零位
2023-07-24 01:24:54,102 - root - INFO - 调整电机...
2023-07-24 01:24:54,407 - root - INFO - 启动完成
2023-07-24 01:24:55,023 - root - INFO - ==============================
2023-07-24 01:24:55,023 - root - INFO - open
2023-07-24 01:25:06,557 - root - INFO - ==============================
2023-07-24 01:25:06,557 - root - INFO - tilt
2023-07-24 01:25:07,066 - root - INFO - ==============================
2023-07-24 01:25:07,066 - root - INFO - tilt_reverse
2023-07-24 01:25:10,114 - root - INFO - ==============================
2023-07-24 01:25:10,115 - root - INFO - open
2023-07-24 01:25:10,623 - root - INFO - ==============================
2023-07-24 01:25:10,623 - root - INFO - diverge
2023-07-24 01:25:19,310 - root - INFO - ==============================
2023-07-24 01:25:19,310 - root - INFO - one
2023-07-24 01:25:20,818 - root - INFO - ==============================
2023-07-24 01:25:20,818 - root - INFO - two
2023-07-24 01:25:22,326 - root - INFO - ==============================
2023-07-24 01:25:22,326 - root - INFO - three
2023-07-24 01:25:23,834 - root - INFO - ==============================
2023-07-24 01:25:23,834 - root - INFO - four
2023-07-24 01:25:25,344 - root - INFO - ==============================
2023-07-24 01:25:25,344 - root - INFO - five
2023-07-24 01:25:26,855 - root - INFO - ==============================
2023-07-24 01:25:26,855 - root - INFO - six
2023-07-24 01:25:29,167 - root - INFO - ==============================
2023-07-24 01:25:29,167 - root - INFO - seven
2023-07-24 01:25:30,675 - root - INFO - ==============================
2023-07-24 01:25:30,675 - root - INFO - eight
2023-07-24 01:25:32,182 - root - INFO - ==============================
2023-07-24 01:25:32,182 - root - INFO - nine
2023-07-24 01:25:34,188 - root - INFO - ==============================
2023-07-24 01:25:34,188 - root - INFO - open
2023-07-24 01:25:36,196 - root - INFO - ==============================
2023-07-24 01:25:36,196 - root - INFO - pinch1
2023-07-24 01:25:38,205 - root - INFO - ==============================
2023-07-24 01:25:38,205 - root - INFO - pinch2
2023-07-24 01:25:40,215 - root - INFO - ==============================
2023-07-24 01:25:40,215 - root - INFO - pinch3
2023-07-24 01:25:41,722 - root - INFO - ==============================
2023-07-24 01:25:41,723 - root - INFO - ok
2023-07-24 01:25:44,232 - root - INFO - ==============================
2023-07-24 01:25:44,232 - root - INFO - open
2023-07-24 01:25:44,444 - root - INFO - 关闭...
2023-07-24 01:40:29,479 - root - INFO - Start log
2023-07-24 01:40:29,479 - root - INFO - 当前使用右手
2023-07-24 01:40:29,479 - root - INFO - 初始化...
2023-07-24 01:40:34,590 - root - INFO - 回到零位
2023-07-24 01:40:37,624 - root - INFO - 调整电机...
2023-07-24 01:40:37,930 - root - INFO - 启动完成
2023-07-24 01:40:38,545 - root - INFO - ==============================
2023-07-24 01:40:38,545 - root - INFO - open
2023-07-24 01:40:50,107 - root - INFO - ==============================
2023-07-24 01:40:50,107 - root - INFO - tilt
2023-07-24 01:40:50,613 - root - INFO - ==============================
2023-07-24 01:40:50,613 - root - INFO - tilt_reverse
2023-07-24 01:40:53,653 - root - INFO - ==============================
2023-07-24 01:40:53,653 - root - INFO - open
2023-07-24 01:40:54,159 - root - INFO - ==============================
2023-07-24 01:40:54,159 - root - INFO - diverge
2023-07-24 01:41:02,878 - root - INFO - ==============================
2023-07-24 01:41:02,878 - root - INFO - one
2023-07-24 01:41:04,386 - root - INFO - ==============================
2023-07-24 01:41:04,387 - root - INFO - two
2023-07-24 01:41:05,894 - root - INFO - ==============================
2023-07-24 01:41:05,895 - root - INFO - three
2023-07-24 01:41:07,399 - root - INFO - ==============================
2023-07-24 01:41:07,400 - root - INFO - four
2023-07-24 01:41:08,906 - root - INFO - ==============================
2023-07-24 01:41:08,907 - root - INFO - five
2023-07-24 01:41:10,413 - root - INFO - ==============================
2023-07-24 01:41:10,413 - root - INFO - six
2023-07-24 01:41:12,724 - root - INFO - ==============================
2023-07-24 01:41:12,724 - root - INFO - seven
2023-07-24 01:41:14,236 - root - INFO - ==============================
2023-07-24 01:41:14,236 - root - INFO - eight
2023-07-24 01:41:15,746 - root - INFO - ==============================
2023-07-24 01:41:15,746 - root - INFO - nine
2023-07-24 01:41:17,756 - root - INFO - ==============================
2023-07-24 01:41:17,757 - root - INFO - open
2023-07-24 01:41:19,767 - root - INFO - ==============================
2023-07-24 01:41:19,768 - root - INFO - pinch1
2023-07-24 01:41:21,777 - root - INFO - ==============================
2023-07-24 01:41:21,777 - root - INFO - pinch2
2023-07-24 01:41:23,785 - root - INFO - ==============================
2023-07-24 01:41:23,785 - root - INFO - pinch3
2023-07-24 01:41:25,292 - root - INFO - ==============================
2023-07-24 01:41:25,292 - root - INFO - ok
2023-07-24 01:41:27,799 - root - INFO - ==============================
2023-07-24 01:41:27,800 - root - INFO - open
2023-07-24 01:41:28,012 - root - INFO - 关闭...
2023-07-24 12:56:15,917 - root - INFO - Start log
2023-07-24 12:56:15,917 - root - INFO - 当前使用右手
2023-07-24 12:56:15,917 - root - INFO - 初始化...
2023-07-24 12:56:21,025 - root - INFO - 回到零位
2023-07-24 12:56:24,080 - root - INFO - 调整电机...
2023-07-24 12:56:24,386 - root - INFO - 启动完成
2023-07-24 12:56:25,009 - root - INFO - ==============================
2023-07-24 12:56:25,009 - root - INFO - open
2023-07-24 12:56:36,555 - root - INFO - ==============================
2023-07-24 12:56:36,555 - root - INFO - tilt
2023-07-24 12:56:37,061 - root - INFO - ==============================
2023-07-24 12:56:37,061 - root - INFO - tilt_reverse
2023-07-24 12:56:40,104 - root - INFO - ==============================
2023-07-24 12:56:40,104 - root - INFO - open
2023-07-24 12:56:40,608 - root - INFO - ==============================
2023-07-24 12:56:40,609 - root - INFO - diverge
2023-07-24 12:56:49,340 - root - INFO - ==============================
2023-07-24 12:56:49,340 - root - INFO - one
2023-07-24 12:56:50,848 - root - INFO - ==============================
2023-07-24 12:56:50,849 - root - INFO - two
2023-07-24 12:56:52,355 - root - INFO - ==============================
2023-07-24 12:56:52,355 - root - INFO - three
2023-07-24 12:56:53,861 - root - INFO - ==============================
2023-07-24 12:56:53,861 - root - INFO - four
2023-07-24 12:56:55,369 - root - INFO - ==============================
2023-07-24 12:56:55,369 - root - INFO - five
2023-07-24 12:56:56,877 - root - INFO - ==============================
2023-07-24 12:56:56,877 - root - INFO - six
2023-07-24 12:56:59,189 - root - INFO - ==============================
2023-07-24 12:56:59,189 - root - INFO - seven
2023-07-24 12:57:00,697 - root - INFO - ==============================
2023-07-24 12:57:00,697 - root - INFO - eight
2023-07-24 12:57:02,210 - root - INFO - ==============================
2023-07-24 12:57:02,210 - root - INFO - nine
2023-07-24 12:57:04,220 - root - INFO - ==============================
2023-07-24 12:57:04,221 - root - INFO - open
2023-07-24 12:57:06,229 - root - INFO - ==============================
2023-07-24 12:57:06,229 - root - INFO - pinch1
2023-07-24 12:57:08,235 - root - INFO - ==============================
2023-07-24 12:57:08,235 - root - INFO - pinch2
2023-07-24 12:57:10,241 - root - INFO - ==============================
2023-07-24 12:57:10,241 - root - INFO - pinch3
2023-07-24 12:57:49,220 - root - INFO - Start log
2023-07-24 12:57:49,220 - root - INFO - 当前使用右手
2023-07-24 12:57:49,220 - root - INFO - 初始化...
2023-07-24 12:57:54,330 - root - INFO - 回到零位
2023-07-24 12:57:57,382 - root - INFO - 调整电机...
2023-07-24 12:57:57,693 - root - INFO - 启动完成
2023-07-24 12:57:58,312 - root - INFO - ==============================
2023-07-24 12:57:58,312 - root - INFO - open
2023-07-24 17:10:13,285 - root - INFO - Start log
2023-07-24 17:10:13,285 - root - INFO - 当前使用右手
2023-07-24 17:10:13,285 - root - INFO - 初始化...
2023-07-24 17:10:18,392 - root - INFO - 回到零位
2023-07-24 17:10:21,412 - root - INFO - 调整电机...
2023-07-24 17:10:21,715 - root - INFO - 启动完成
2023-07-24 17:10:22,322 - root - INFO - ==============================
2023-07-24 17:10:22,322 - root - INFO - open
2023-07-24 17:10:33,802 - root - INFO - ==============================
2023-07-24 17:10:33,802 - root - INFO - tilt
2023-07-24 17:10:34,306 - root - INFO - ==============================
2023-07-24 17:10:34,306 - root - INFO - tilt_reverse
2023-07-25 19:27:30,531 - root - INFO - Start log
2023-07-25 19:27:30,531 - root - INFO - 当前使用右手
2023-07-25 19:27:30,531 - root - INFO - 初始化...
2023-07-25 19:27:40,798 - root - INFO - Start log
2023-07-25 19:27:40,798 - root - INFO - 当前使用右手
2023-07-25 19:27:40,798 - root - INFO - 初始化...
2023-07-25 19:28:27,990 - root - INFO - Start log
2023-07-25 19:28:27,990 - root - INFO - 当前使用右手
2023-07-25 19:28:27,990 - root - INFO - 初始化...
2023-07-25 19:28:33,093 - root - INFO - 回到零位
2023-07-25 19:28:36,113 - root - INFO - 调整电机...
2023-07-25 19:28:36,416 - root - INFO - 启动完成
2023-07-25 19:28:37,023 - root - INFO - ==============================
2023-07-25 19:28:37,023 - root - INFO - open
2023-07-25 19:34:25,142 - root - INFO - Start log
2023-07-25 19:34:25,143 - root - INFO - 当前使用右手
2023-07-25 19:34:25,143 - root - INFO - 初始化...
2023-07-25 19:34:30,252 - root - INFO - 回到零位
2023-07-25 19:34:33,274 - root - INFO - 调整电机...
2023-07-25 19:34:33,577 - root - INFO - 启动完成
2023-07-25 19:34:35,085 - root - INFO - ==============================
2023-07-25 19:34:35,085 - root - INFO - one
2023-07-25 19:34:36,590 - root - INFO - ==============================
2023-07-25 19:34:36,590 - root - INFO - two
2023-07-25 19:34:38,097 - root - INFO - ==============================
2023-07-25 19:34:38,097 - root - INFO - three
2023-07-25 19:34:39,604 - root - INFO - ==============================
2023-07-25 19:34:39,605 - root - INFO - four
2023-07-25 19:34:41,112 - root - INFO - ==============================
2023-07-25 19:34:41,112 - root - INFO - five
2023-07-25 19:35:48,113 - root - INFO - Start log
2023-07-25 19:35:48,113 - root - INFO - 当前使用右手
2023-07-25 19:35:48,113 - root - INFO - 初始化...
2023-07-25 19:35:53,214 - root - INFO - 回到零位
2023-07-25 19:35:56,234 - root - INFO - 调整电机...
2023-07-25 19:35:56,537 - root - INFO - 启动完成
2023-07-25 19:35:58,045 - root - INFO - ==============================
2023-07-25 19:35:58,045 - root - INFO - one
2023-07-25 19:35:59,549 - root - INFO - ==============================
2023-07-25 19:35:59,549 - root - INFO - two
2023-07-25 19:36:01,053 - root - INFO - ==============================
2023-07-25 19:36:01,053 - root - INFO - three
2023-07-25 19:36:02,557 - root - INFO - ==============================
2023-07-25 19:36:02,557 - root - INFO - four
2023-07-30 16:36:15,424 - root - INFO - Start log
2023-07-30 16:36:15,429 - root - INFO - 当前使用右手
2023-07-30 16:36:15,429 - root - INFO - 初始化...
